-------------------------------------------------------------------------------
Test set: sample.flyway.SampleFlywayApplicationTests
-------------------------------------------------------------------------------
Tests run: 1, Failures: 0, Errors: 1, Skipped: 0, Time elapsed: 9.353 s <<< FAILURE! - in sample.flyway.SampleFlywayApplicationTests
testDefaultSettings  Time elapsed: 0.012 s  <<< ERROR!
java.lang.IllegalStateException: Failed to load ApplicationContext
Caused by: org.springframework.beans.factory.BeanCreationException: 
Error creating bean with name 'flywayInitializer' defined in class path resource [org/springframework/boot/autoconfigure/flyway/FlywayAutoConfiguration$FlywayConfiguration.class]: Invocation of init method failed; nested exception is org.flywaydb.core.internal.command.DbMigrate$FlywayMigrateException: 
Migration V2__Rename_last_name.sql failed
-----------------------------------------
SQL State  : 42001
Error Code : 42001
Message    : Syntax error in SQL statement "                                                                  
ALTER TABLE PERSON CHANGE[*] LAST_NAME SURNAME VARCHAR"; expected "., ADD, SET, RENAME, DROP, ALTER"; SQL statement:
-- This change is backward incompatible - you can't do A/B testing
ALTER TABLE PERSON CHANGE last_name surname VARCHAR [42001-200]
Location   : db/migration/V2__Rename_last_name.sql (/home/patxi/git/zero-downtime-deployment/boot-flyway-v2-bad/target/classes/db/migration/V2__Rename_last_name.sql)
Line       : 1
Statement  : -- This change is backward incompatible - you can't do A/B testing
ALTER TABLE PERSON CHANGE last_name surname VARCHAR

Caused by: org.flywaydb.core.internal.command.DbMigrate$FlywayMigrateException: 

Migration V2__Rename_last_name.sql failed
-----------------------------------------
SQL State  : 42001
Error Code : 42001
Message    : Syntax error in SQL statement "                                                                  
ALTER TABLE PERSON CHANGE[*] LAST_NAME SURNAME VARCHAR"; expected "., ADD, SET, RENAME, DROP, ALTER"; SQL statement:
-- This change is backward incompatible - you can't do A/B testing
ALTER TABLE PERSON CHANGE last_name surname VARCHAR [42001-200]
Location   : db/migration/V2__Rename_last_name.sql (/home/patxi/git/zero-downtime-deployment/boot-flyway-v2-bad/target/classes/db/migration/V2__Rename_last_name.sql)
Line       : 1
Statement  : -- This change is backward incompatible - you can't do A/B testing
ALTER TABLE PERSON CHANGE last_name surname VARCHAR

Caused by: org.flywaydb.core.internal.sqlscript.FlywaySqlScriptException: 

Migration V2__Rename_last_name.sql failed
-----------------------------------------
SQL State  : 42001
Error Code : 42001
Message    : Syntax error in SQL statement "                                                                  
ALTER TABLE PERSON CHANGE[*] LAST_NAME SURNAME VARCHAR"; expected "., ADD, SET, RENAME, DROP, ALTER"; SQL statement:
-- This change is backward incompatible - you can't do A/B testing
ALTER TABLE PERSON CHANGE last_name surname VARCHAR [42001-200]
Location   : db/migration/V2__Rename_last_name.sql (/home/patxi/git/zero-downtime-deployment/boot-flyway-v2-bad/target/classes/db/migration/V2__Rename_last_name.sql)
Line       : 1
Statement  : -- This change is backward incompatible - you can't do A/B testing
ALTER TABLE PERSON CHANGE last_name surname VARCHAR

Caused by: org.h2.jdbc.JdbcSQLSyntaxErrorException: 
Syntax error in SQL statement "                                                                  
ALTER TABLE PERSON CHANGE[*] LAST_NAME SURNAME VARCHAR"; expected "., ADD, SET, RENAME, DROP, ALTER"; SQL statement:
-- This change is backward incompatible - you can't do A/B testing
ALTER TABLE PERSON CHANGE last_name surname VARCHAR [42001-200]

